<?xml version="1.0" encoding="UTF-8"?>
<testng-results skipped="0" failed="0" ignored="0" total="1" passed="1">
  <reporter-output>
  </reporter-output>
  <suite name="Surefire suite" duration-ms="39132" started-at="2018-03-20T13:06:43Z" finished-at="2018-03-20T13:07:22Z">
    <groups>
    </groups>
    <test name="Surefire test" duration-ms="39132" started-at="2018-03-20T13:06:43Z" finished-at="2018-03-20T13:07:22Z">
      <class name="MyTestNGTest">
        <test-method status="PASS" signature="initDriverTest(java.lang.String)[pri:0, instance:MyTestNGTest@96532d6]" name="initDriverTest" is-config="true" duration-ms="21737" started-at="2018-03-20T15:06:43Z" finished-at="2018-03-20T15:07:05Z">
          <params>
            <param index="0">
              <value>
                <![CDATA[chrome]]>
              </value>
            </param>
          </params>
          <reporter-output>
          </reporter-output>
        </test-method> <!-- initDriverTest -->
        <test-method status="PASS" signature="shopTest()[pri:0, instance:MyTestNGTest@96532d6]" name="shopTest" duration-ms="16303" started-at="2018-03-20T15:07:05Z" finished-at="2018-03-20T15:07:21Z">
          <reporter-output>
          </reporter-output>
        </test-method> <!-- shopTest -->
        <test-method status="PASS" signature="tearDown()[pri:0, instance:MyTestNGTest@96532d6]" name="tearDown" is-config="true" duration-ms="1064" started-at="2018-03-20T15:07:21Z" finished-at="2018-03-20T15:07:22Z">
          <reporter-output>
          </reporter-output>
        </test-method> <!-- tearDown -->
      </class> <!-- MyTestNGTest -->
    </test> <!-- Surefire test -->
  </suite> <!-- Surefire suite -->
</testng-results>
